<?xml version="1.0" encoding="UTF-8"?>
<testng-results skipped="0" failed="0" ignored="0" total="1" passed="1">
  <reporter-output>
  </reporter-output>
  <suite name="Suite" duration-ms="24837" started-at="2022-02-22T14:56:03Z" finished-at="2022-02-22T14:56:28Z">
    <groups>
    </groups>
    <test name="Test" duration-ms="24837" started-at="2022-02-22T14:56:03Z" finished-at="2022-02-22T14:56:28Z">
      <class name="qaautomation.january2022.YOPTest">
        <test-method status="PASS" signature="createChromeDriver()[pri:0, instance:qaautomation.january2022.YOPTest@770d3326]" name="createChromeDriver" is-config="true" duration-ms="22212" started-at="2022-02-22T14:56:03Z" finished-at="2022-02-22T14:56:25Z">
          <reporter-output>
          </reporter-output>
        </test-method> <!-- createChromeDriver -->
        <test-method status="PASS" signature="test1()[pri:0, instance:qaautomation.january2022.YOPTest@770d3326]" name="test1" duration-ms="1963" started-at="2022-02-22T14:56:25Z" finished-at="2022-02-22T14:56:27Z">
          <reporter-output>
          </reporter-output>
        </test-method> <!-- test1 -->
        <test-method status="PASS" signature="quitChromeDriver()[pri:0, instance:qaautomation.january2022.YOPTest@770d3326]" name="quitChromeDriver" is-config="true" duration-ms="554" started-at="2022-02-22T14:56:27Z" finished-at="2022-02-22T14:56:28Z">
          <reporter-output>
          </reporter-output>
        </test-method> <!-- quitChromeDriver -->
      </class> <!-- qaautomation.january2022.YOPTest -->
    </test> <!-- Test -->
  </suite> <!-- Suite -->
</testng-results>
