<?xml version="1.0" encoding="UTF-8"?>
<!-- Generated by org.testng.reporters.JUnitXMLReporter -->
<testsuite hostname="LAPTOP-OBNQMI5H" ignored="0" name="Test" tests="5" failures="0" timestamp="22 Feb 2022 14:29:24 GMT" time="65.373" errors="0">
  <testcase name="test2" time="2.438" classname="qaautomation.january2022.AppTest"/>
  <testcase name="test1" time="6.457" classname="qaautomation.january2022.AppTest"/>
  <testcase name="test1" time="0.922" classname="qaautomation.january2022.AppTest2"/>
  <testcase name="test3" time="2.355" classname="qaautomation.january2022.AppTest"/>
  <testcase name="test2" time="1.618" classname="qaautomation.january2022.AppTest2"/>
</testsuite> <!-- Test -->
