<?xml version="1.0" encoding="UTF-8"?>
<!-- Generated by org.testng.reporters.JUnitXMLReporter -->
<testsuite ignored="0" hostname="Legion-5" failures="0" tests="3" name="Default test" time="21.948" errors="0" timestamp="2022-01-30T15:31:54 WIB">
  <testcase classname="qaautomation.january2022.AppTest" name="test1" time="0.976"/>
  <testcase classname="qaautomation.january2022.AppTest" name="test2" time="0.802"/>
  <testcase classname="qaautomation.january2022.AppTest" name="test3" time="0.908"/>
</testsuite> <!-- Default test -->
