<?xml version="1.0" encoding="UTF-8"?>
<testng-results skipped="0" failed="0" ignored="0" total="5" passed="5">
  <reporter-output>
  </reporter-output>
  <suite name="Suite" duration-ms="65373" started-at="2022-02-22T14:28:19Z" finished-at="2022-02-22T14:29:24Z">
    <groups>
    </groups>
    <test name="Test" duration-ms="65373" started-at="2022-02-22T14:28:19Z" finished-at="2022-02-22T14:29:24Z">
      <class name="qaautomation.january2022.AppTest2">
        <test-method status="PASS" signature="createChromeDriver()[pri:0, instance:qaautomation.january2022.AppTest2@51f116b8]" name="createChromeDriver" is-config="true" duration-ms="11520" started-at="2022-02-22T14:28:58Z" finished-at="2022-02-22T14:29:09Z">
          <reporter-output>
          </reporter-output>
        </test-method> <!-- createChromeDriver -->
        <test-method status="PASS" signature="test1()[pri:0, instance:qaautomation.january2022.AppTest2@51f116b8]" name="test1" duration-ms="922" started-at="2022-02-22T14:29:09Z" finished-at="2022-02-22T14:29:10Z">
          <reporter-output>
          </reporter-output>
        </test-method> <!-- test1 -->
        <test-method status="PASS" signature="quitChromeDriver()[pri:0, instance:qaautomation.january2022.AppTest2@51f116b8]" name="quitChromeDriver" is-config="true" duration-ms="657" started-at="2022-02-22T14:29:10Z" finished-at="2022-02-22T14:29:11Z">
          <reporter-output>
          </reporter-output>
        </test-method> <!-- quitChromeDriver -->
        <test-method status="PASS" signature="createChromeDriver()[pri:0, instance:qaautomation.january2022.AppTest2@51f116b8]" name="createChromeDriver" is-config="true" duration-ms="11044" started-at="2022-02-22T14:29:11Z" finished-at="2022-02-22T14:29:22Z">
          <reporter-output>
          </reporter-output>
        </test-method> <!-- createChromeDriver -->
        <test-method status="PASS" signature="test2()[pri:0, instance:qaautomation.january2022.AppTest2@51f116b8]" name="test2" duration-ms="1618" started-at="2022-02-22T14:29:22Z" finished-at="2022-02-22T14:29:23Z">
          <reporter-output>
          </reporter-output>
        </test-method> <!-- test2 -->
        <test-method status="PASS" signature="quitChromeDriver()[pri:0, instance:qaautomation.january2022.AppTest2@51f116b8]" name="quitChromeDriver" is-config="true" duration-ms="598" started-at="2022-02-22T14:29:23Z" finished-at="2022-02-22T14:29:24Z">
          <reporter-output>
          </reporter-output>
        </test-method> <!-- quitChromeDriver -->
      </class> <!-- qaautomation.january2022.AppTest2 -->
      <class name="qaautomation.january2022.AppTest">
        <test-method status="PASS" signature="createChromeDriver()[pri:0, instance:qaautomation.january2022.AppTest@4cc8eb05]" name="createChromeDriver" is-config="true" duration-ms="23450" started-at="2022-02-22T14:28:19Z" finished-at="2022-02-22T14:28:42Z">
          <reporter-output>
          </reporter-output>
        </test-method> <!-- createChromeDriver -->
        <test-method status="PASS" signature="createChromeDriver()[pri:0, instance:qaautomation.january2022.AppTest@4cc8eb05]" name="createChromeDriver" is-config="true" duration-ms="31917" started-at="2022-02-22T14:28:19Z" finished-at="2022-02-22T14:28:51Z">
          <reporter-output>
          </reporter-output>
        </test-method> <!-- createChromeDriver -->
        <test-method status="PASS" signature="test2()[pri:0, instance:qaautomation.january2022.AppTest@4cc8eb05]" name="test2" duration-ms="2438" started-at="2022-02-22T14:28:42Z" finished-at="2022-02-22T14:28:45Z">
          <reporter-output>
          </reporter-output>
        </test-method> <!-- test2 -->
        <test-method status="PASS" signature="quitChromeDriver()[pri:0, instance:qaautomation.january2022.AppTest@4cc8eb05]" name="quitChromeDriver" is-config="true" duration-ms="624" started-at="2022-02-22T14:28:45Z" finished-at="2022-02-22T14:28:45Z">
          <reporter-output>
          </reporter-output>
        </test-method> <!-- quitChromeDriver -->
        <test-method status="PASS" signature="createChromeDriver()[pri:0, instance:qaautomation.january2022.AppTest@4cc8eb05]" name="createChromeDriver" is-config="true" duration-ms="22613" started-at="2022-02-22T14:28:45Z" finished-at="2022-02-22T14:29:08Z">
          <reporter-output>
          </reporter-output>
        </test-method> <!-- createChromeDriver -->
        <test-method status="PASS" signature="test1()[pri:0, instance:qaautomation.january2022.AppTest@4cc8eb05]" name="test1" duration-ms="6457" started-at="2022-02-22T14:28:51Z" finished-at="2022-02-22T14:28:57Z">
          <reporter-output>
          </reporter-output>
        </test-method> <!-- test1 -->
        <test-method status="PASS" signature="quitChromeDriver()[pri:0, instance:qaautomation.january2022.AppTest@4cc8eb05]" name="quitChromeDriver" is-config="true" duration-ms="608" started-at="2022-02-22T14:28:57Z" finished-at="2022-02-22T14:28:58Z">
          <reporter-output>
          </reporter-output>
        </test-method> <!-- quitChromeDriver -->
        <test-method status="PASS" signature="test3()[pri:0, instance:qaautomation.january2022.AppTest@4cc8eb05]" name="test3" duration-ms="2355" started-at="2022-02-22T14:29:08Z" finished-at="2022-02-22T14:29:10Z">
          <reporter-output>
          </reporter-output>
        </test-method> <!-- test3 -->
        <test-method status="PASS" signature="quitChromeDriver()[pri:0, instance:qaautomation.january2022.AppTest@4cc8eb05]" name="quitChromeDriver" is-config="true" duration-ms="592" started-at="2022-02-22T14:29:10Z" finished-at="2022-02-22T14:29:11Z">
          <reporter-output>
          </reporter-output>
        </test-method> <!-- quitChromeDriver -->
      </class> <!-- qaautomation.january2022.AppTest -->
    </test> <!-- Test -->
  </suite> <!-- Suite -->
</testng-results>
