<?xml version="1.0" encoding="UTF-8"?>
<!-- Generated by org.testng.reporters.JUnitXMLReporter -->
<testsuite ignored="0" hostname="Legion-5" failures="0" tests="5" name="Test" time="22.471" errors="0" timestamp="2022-01-30T15:37:10 WIB">
  <testcase classname="qaautomation.january2022.AppTest" name="test2" time="0.867"/>
  <testcase classname="qaautomation.january2022.AppTest" name="test1" time="1.02"/>
  <testcase classname="qaautomation.january2022.AppTest" name="test3" time="0.932"/>
  <testcase classname="qaautomation.january2022.AppTestPageFactory" name="test1" time="0.939"/>
  <testcase classname="qaautomation.january2022.AppTestPageFactory" name="test2" time="0.89"/>
</testsuite> <!-- Test -->
